Analysis & Synthesis report for AutomaticRestaurant
Thu Dec 13 21:00:35 2018
Quartus Prime Version 18.1.0 Build 625 09/12/2018 SJ Lite Edition


---------------------
; Table of Contents ;
---------------------
  1. Legal Notice
  2. Analysis & Synthesis Summary
  3. Analysis & Synthesis Settings
  4. Parallel Compilation
  5. Analysis & Synthesis Source Files Read
  6. Analysis & Synthesis Resource Usage Summary
  7. Analysis & Synthesis Resource Utilization by Entity
  8. Registers Removed During Synthesis
  9. General Register Statistics
 10. Post-Synthesis Netlist Statistics for Top Partition
 11. Elapsed Time Per Partition
 12. Analysis & Synthesis Messages



----------------
; Legal Notice ;
----------------
Copyright (C) 2018  Intel Corporation. All rights reserved.
Your use of Intel Corporation's design tools, logic functions 
and other software and tools, and its AMPP partner logic 
functions, and any output files from any of the foregoing 
(including device programming or simulation files), and any 
associated documentation or information are expressly subject 
to the terms and conditions of the Intel Program License 
Subscription Agreement, the Intel Quartus Prime License Agreement,
the Intel FPGA IP License Agreement, or other applicable license
agreement, including, without limitation, that your use is for
the sole purpose of programming logic devices manufactured by
Intel and sold by Intel or its authorized distributors.  Please
refer to the applicable agreement for further details.



+----------------------------------------------------------------------------------+
; Analysis & Synthesis Summary                                                     ;
+------------------------------------+---------------------------------------------+
; Analysis & Synthesis Status        ; Successful - Thu Dec 13 21:00:35 2018       ;
; Quartus Prime Version              ; 18.1.0 Build 625 09/12/2018 SJ Lite Edition ;
; Revision Name                      ; AutomaticRestaurant                         ;
; Top-level Entity Name              ; AutomaticRestaurant                         ;
; Family                             ; Cyclone IV GX                               ;
; Total logic elements               ; 243                                         ;
;     Total combinational functions  ; 142                                         ;
;     Dedicated logic registers      ; 111                                         ;
; Total registers                    ; 111                                         ;
; Total pins                         ; 71                                          ;
; Total virtual pins                 ; 0                                           ;
; Total memory bits                  ; 0                                           ;
; Embedded Multiplier 9-bit elements ; 0                                           ;
; Total GXB Receiver Channel PCS     ; 0                                           ;
; Total GXB Receiver Channel PMA     ; 0                                           ;
; Total GXB Transmitter Channel PCS  ; 0                                           ;
; Total GXB Transmitter Channel PMA  ; 0                                           ;
; Total PLLs                         ; 0                                           ;
+------------------------------------+---------------------------------------------+


+--------------------------------------------------------------------------------------------------------------+
; Analysis & Synthesis Settings                                                                                ;
+------------------------------------------------------------------+---------------------+---------------------+
; Option                                                           ; Setting             ; Default Value       ;
+------------------------------------------------------------------+---------------------+---------------------+
; Top-level entity name                                            ; AutomaticRestaurant ; AutomaticRestaurant ;
; Family name                                                      ; Cyclone IV GX       ; Cyclone V           ;
; Use smart compilation                                            ; Off                 ; Off                 ;
; Enable parallel Assembler and Timing Analyzer during compilation ; On                  ; On                  ;
; Enable compact report table                                      ; Off                 ; Off                 ;
; Restructure Multiplexers                                         ; Auto                ; Auto                ;
; Create Debugging Nodes for IP Cores                              ; Off                 ; Off                 ;
; Preserve fewer node names                                        ; On                  ; On                  ;
; Intel FPGA IP Evaluation Mode                                    ; Enable              ; Enable              ;
; Verilog Version                                                  ; Verilog_2001        ; Verilog_2001        ;
; VHDL Version                                                     ; VHDL_1993           ; VHDL_1993           ;
; State Machine Processing                                         ; Auto                ; Auto                ;
; Safe State Machine                                               ; Off                 ; Off                 ;
; Extract Verilog State Machines                                   ; On                  ; On                  ;
; Extract VHDL State Machines                                      ; On                  ; On                  ;
; Ignore Verilog initial constructs                                ; Off                 ; Off                 ;
; Iteration limit for constant Verilog loops                       ; 5000                ; 5000                ;
; Iteration limit for non-constant Verilog loops                   ; 250                 ; 250                 ;
; Add Pass-Through Logic to Inferred RAMs                          ; On                  ; On                  ;
; Infer RAMs from Raw Logic                                        ; On                  ; On                  ;
; Parallel Synthesis                                               ; On                  ; On                  ;
; DSP Block Balancing                                              ; Auto                ; Auto                ;
; NOT Gate Push-Back                                               ; On                  ; On                  ;
; Power-Up Don't Care                                              ; On                  ; On                  ;
; Remove Redundant Logic Cells                                     ; Off                 ; Off                 ;
; Remove Duplicate Registers                                       ; On                  ; On                  ;
; Ignore CARRY Buffers                                             ; Off                 ; Off                 ;
; Ignore CASCADE Buffers                                           ; Off                 ; Off                 ;
; Ignore GLOBAL Buffers                                            ; Off                 ; Off                 ;
; Ignore ROW GLOBAL Buffers                                        ; Off                 ; Off                 ;
; Ignore LCELL Buffers                                             ; Off                 ; Off                 ;
; Ignore SOFT Buffers                                              ; On                  ; On                  ;
; Limit AHDL Integers to 32 Bits                                   ; Off                 ; Off                 ;
; Optimization Technique                                           ; Balanced            ; Balanced            ;
; Carry Chain Length                                               ; 70                  ; 70                  ;
; Auto Carry Chains                                                ; On                  ; On                  ;
; Auto Open-Drain Pins                                             ; On                  ; On                  ;
; Perform WYSIWYG Primitive Resynthesis                            ; Off                 ; Off                 ;
; Auto ROM Replacement                                             ; On                  ; On                  ;
; Auto RAM Replacement                                             ; On                  ; On                  ;
; Auto DSP Block Replacement                                       ; On                  ; On                  ;
; Auto Shift Register Replacement                                  ; Auto                ; Auto                ;
; Allow Shift Register Merging across Hierarchies                  ; Auto                ; Auto                ;
; Auto Clock Enable Replacement                                    ; On                  ; On                  ;
; Strict RAM Replacement                                           ; Off                 ; Off                 ;
; Allow Synchronous Control Signals                                ; On                  ; On                  ;
; Force Use of Synchronous Clear Signals                           ; Off                 ; Off                 ;
; Auto RAM Block Balancing                                         ; On                  ; On                  ;
; Auto RAM to Logic Cell Conversion                                ; Off                 ; Off                 ;
; Auto Resource Sharing                                            ; Off                 ; Off                 ;
; Allow Any RAM Size For Recognition                               ; Off                 ; Off                 ;
; Allow Any ROM Size For Recognition                               ; Off                 ; Off                 ;
; Allow Any Shift Register Size For Recognition                    ; Off                 ; Off                 ;
; Use LogicLock Constraints during Resource Balancing              ; On                  ; On                  ;
; Ignore translate_off and synthesis_off directives                ; Off                 ; Off                 ;
; Timing-Driven Synthesis                                          ; On                  ; On                  ;
; Report Parameter Settings                                        ; On                  ; On                  ;
; Report Source Assignments                                        ; On                  ; On                  ;
; Report Connectivity Checks                                       ; On                  ; On                  ;
; Ignore Maximum Fan-Out Assignments                               ; Off                 ; Off                 ;
; Synchronization Register Chain Length                            ; 2                   ; 2                   ;
; Power Optimization During Synthesis                              ; Normal compilation  ; Normal compilation  ;
; HDL message level                                                ; Level2              ; Level2              ;
; Suppress Register Optimization Related Messages                  ; Off                 ; Off                 ;
; Number of Removed Registers Reported in Synthesis Report         ; 5000                ; 5000                ;
; Number of Swept Nodes Reported in Synthesis Report               ; 5000                ; 5000                ;
; Number of Inverted Registers Reported in Synthesis Report        ; 100                 ; 100                 ;
; Clock MUX Protection                                             ; On                  ; On                  ;
; Auto Gated Clock Conversion                                      ; Off                 ; Off                 ;
; Block Design Naming                                              ; Auto                ; Auto                ;
; SDC constraint protection                                        ; Off                 ; Off                 ;
; Synthesis Effort                                                 ; Auto                ; Auto                ;
; Shift Register Replacement - Allow Asynchronous Clear Signal     ; On                  ; On                  ;
; Pre-Mapping Resynthesis Optimization                             ; Off                 ; Off                 ;
; Analysis & Synthesis Message Level                               ; Medium              ; Medium              ;
; Disable Register Merging Across Hierarchies                      ; Auto                ; Auto                ;
; Resource Aware Inference For Block RAM                           ; On                  ; On                  ;
+------------------------------------------------------------------+---------------------+---------------------+


+------------------------------------------+
; Parallel Compilation                     ;
+----------------------------+-------------+
; Processors                 ; Number      ;
+----------------------------+-------------+
; Number detected on machine ; 8           ;
; Maximum allowed            ; 4           ;
;                            ;             ;
; Average used               ; 1.00        ;
; Maximum used               ; 4           ;
;                            ;             ;
; Usage by Processor         ; % Time Used ;
;     Processor 1            ; 100.0%      ;
;     Processor 2            ;   0.0%      ;
;     Processors 3-4         ;   0.0%      ;
+----------------------------+-------------+


+---------------------------------------------------------------------------------------------------------------------------------------------------------------------------------------------------+
; Analysis & Synthesis Source Files Read                                                                                                                                                            ;
+----------------------------------+-----------------+------------------------------------------+-----------------------------------------------------------------------------------------+---------+
; File Name with User-Entered Path ; Used in Netlist ; File Type                                ; File Name with Absolute Path                                                            ; Library ;
+----------------------------------+-----------------+------------------------------------------+-----------------------------------------------------------------------------------------+---------+
; AutomaticRestaurant.bdf          ; yes             ; User Block Diagram/Schematic File        ; C:/Users/duryk/Desktop/AutoBar_DigitalDesign-master/Merge/AutomaticRestaurant.bdf       ;         ;
; pseudo_rand_num_generator.bdf    ; yes             ; Auto-Found Block Diagram/Schematic File  ; C:/Users/duryk/Desktop/AutoBar_DigitalDesign-master/Merge/pseudo_rand_num_generator.bdf ;         ;
; id7_segement_decoder.bdf         ; yes             ; Auto-Found Block Diagram/Schematic File  ; C:/Users/duryk/Desktop/AutoBar_DigitalDesign-master/Merge/id7_segement_decoder.bdf      ;         ;
; order_register.bdf               ; yes             ; Auto-Found Block Diagram/Schematic File  ; C:/Users/duryk/Desktop/AutoBar_DigitalDesign-master/Merge/order_register.bdf            ;         ;
; test.bdf                         ; yes             ; Auto-Found Block Diagram/Schematic File  ; C:/Users/duryk/Desktop/AutoBar_DigitalDesign-master/Merge/test.bdf                      ;         ;
; table2segdecoder.bdf             ; yes             ; Auto-Found Block Diagram/Schematic File  ; C:/Users/duryk/Desktop/AutoBar_DigitalDesign-master/Merge/table2segdecoder.bdf          ;         ;
; remain_table.bdf                 ; yes             ; Auto-Found Block Diagram/Schematic File  ; C:/Users/duryk/Desktop/AutoBar_DigitalDesign-master/Merge/remain_table.bdf              ;         ;
; adad.bdf                         ; yes             ; Auto-Found Block Diagram/Schematic File  ; C:/Users/duryk/Desktop/AutoBar_DigitalDesign-master/Merge/adad.bdf                      ;         ;
; 7483.bdf                         ; yes             ; Megafunction                             ; c:/intelfpga_lite/18.1/quartus/libraries/others/maxplus2/7483.bdf                       ;         ;
; dffmax.bdf                       ; yes             ; Auto-Found Block Diagram/Schematic File  ; C:/Users/duryk/Desktop/AutoBar_DigitalDesign-master/Merge/dffmax.bdf                    ;         ;
+----------------------------------+-----------------+------------------------------------------+-----------------------------------------------------------------------------------------+---------+


+---------------------------------------------+
; Analysis & Synthesis Resource Usage Summary ;
+--------------------------+------------------+
; Resource                 ; Usage            ;
+--------------------------+------------------+
; I/O pins                 ; 71               ;
;                          ;                  ;
; DSP block 9-bit elements ; 0                ;
;                          ;                  ;
; Maximum fan-out node     ; CLK1~input       ;
; Maximum fan-out          ; 26               ;
; Total fan-out            ; 893              ;
; Average fan-out          ; 2.26             ;
+--------------------------+------------------+


+-------------------------------------------------------------------------------------------------------------------------------------------------------------------------------------------------------------------------------------------------------------------------------------+
; Analysis & Synthesis Resource Utilization by Entity                                                                                                                                                                                                                                 ;
+-----------------------------------------+---------------------+---------------------------+-------------+--------------+---------+-----------+-----------+------+--------------+---------------------------------------------------------+---------------------------+--------------+
; Compilation Hierarchy Node              ; Combinational ALUTs ; Dedicated Logic Registers ; Memory Bits ; DSP Elements ; DSP 9x9 ; DSP 18x18 ; DSP 36x36 ; Pins ; Virtual Pins ; Full Hierarchy Name                                     ; Entity Name               ; Library Name ;
+-----------------------------------------+---------------------+---------------------------+-------------+--------------+---------+-----------+-----------+------+--------------+---------------------------------------------------------+---------------------------+--------------+
; |AutomaticRestaurant                    ; 142 (7)             ; 111 (0)                   ; 0           ; 0            ; 0       ; 0         ; 0         ; 71   ; 0            ; |AutomaticRestaurant                                    ; AutomaticRestaurant       ; work         ;
;    |DFFMAX:DFF_SET|                     ; 0 (0)               ; 25 (25)                   ; 0           ; 0            ; 0       ; 0         ; 0         ; 0    ; 0            ; |AutomaticRestaurant|DFFMAX:DFF_SET                     ; DFFMAX                    ; work         ;
;    |Pseudo_rand_num_generator:inst123|  ; 2 (2)               ; 12 (12)                   ; 0           ; 0            ; 0       ; 0         ; 0         ; 0    ; 0            ; |AutomaticRestaurant|Pseudo_rand_num_generator:inst123  ; Pseudo_rand_num_generator ; work         ;
;    |adad:Adder|                         ; 53 (0)              ; 0 (0)                     ; 0           ; 0            ; 0       ; 0         ; 0         ; 0    ; 0            ; |AutomaticRestaurant|adad:Adder                         ; adad                      ; work         ;
;       |7483:inst10|                     ; 4 (4)               ; 0 (0)                     ; 0           ; 0            ; 0       ; 0         ; 0         ; 0    ; 0            ; |AutomaticRestaurant|adad:Adder|7483:inst10             ; 7483                      ; work         ;
;       |7483:inst12|                     ; 5 (5)               ; 0 (0)                     ; 0           ; 0            ; 0       ; 0         ; 0         ; 0    ; 0            ; |AutomaticRestaurant|adad:Adder|7483:inst12             ; 7483                      ; work         ;
;       |7483:inst13|                     ; 5 (5)               ; 0 (0)                     ; 0           ; 0            ; 0       ; 0         ; 0         ; 0    ; 0            ; |AutomaticRestaurant|adad:Adder|7483:inst13             ; 7483                      ; work         ;
;       |7483:inst3|                      ; 6 (6)               ; 0 (0)                     ; 0           ; 0            ; 0       ; 0         ; 0         ; 0    ; 0            ; |AutomaticRestaurant|adad:Adder|7483:inst3              ; 7483                      ; work         ;
;       |7483:inst5|                      ; 6 (6)               ; 0 (0)                     ; 0           ; 0            ; 0       ; 0         ; 0         ; 0    ; 0            ; |AutomaticRestaurant|adad:Adder|7483:inst5              ; 7483                      ; work         ;
;       |7483:inst6|                      ; 2 (2)               ; 0 (0)                     ; 0           ; 0            ; 0       ; 0         ; 0         ; 0    ; 0            ; |AutomaticRestaurant|adad:Adder|7483:inst6              ; 7483                      ; work         ;
;       |7483:inst7|                      ; 8 (8)               ; 0 (0)                     ; 0           ; 0            ; 0       ; 0         ; 0         ; 0    ; 0            ; |AutomaticRestaurant|adad:Adder|7483:inst7              ; 7483                      ; work         ;
;       |7483:inst8|                      ; 3 (3)               ; 0 (0)                     ; 0           ; 0            ; 0       ; 0         ; 0         ; 0    ; 0            ; |AutomaticRestaurant|adad:Adder|7483:inst8              ; 7483                      ; work         ;
;       |7483:inst9|                      ; 5 (5)               ; 0 (0)                     ; 0           ; 0            ; 0       ; 0         ; 0         ; 0    ; 0            ; |AutomaticRestaurant|adad:Adder|7483:inst9              ; 7483                      ; work         ;
;       |7483:inst|                       ; 9 (9)               ; 0 (0)                     ; 0           ; 0            ; 0       ; 0         ; 0         ; 0    ; 0            ; |AutomaticRestaurant|adad:Adder|7483:inst               ; 7483                      ; work         ;
;    |id7_segement_decoder:id2SegDecoder| ; 8 (8)               ; 0 (0)                     ; 0           ; 0            ; 0       ; 0         ; 0         ; 0    ; 0            ; |AutomaticRestaurant|id7_segement_decoder:id2SegDecoder ; id7_segement_decoder      ; work         ;
;    |order_register:Order_Register|      ; 48 (48)             ; 44 (44)                   ; 0           ; 0            ; 0       ; 0         ; 0         ; 0    ; 0            ; |AutomaticRestaurant|order_register:Order_Register      ; order_register            ; work         ;
;    |remain_table:Remain_Table|          ; 7 (7)               ; 4 (4)                     ; 0           ; 0            ; 0       ; 0         ; 0         ; 0    ; 0            ; |AutomaticRestaurant|remain_table:Remain_Table          ; remain_table              ; work         ;
;    |table2segDecoder:table2SegDecoder|  ; 8 (8)               ; 0 (0)                     ; 0           ; 0            ; 0       ; 0         ; 0         ; 0    ; 0            ; |AutomaticRestaurant|table2segDecoder:table2SegDecoder  ; table2segDecoder          ; work         ;
;    |test:OpenerRemoteCtrl|              ; 9 (9)               ; 26 (26)                   ; 0           ; 0            ; 0       ; 0         ; 0         ; 0    ; 0            ; |AutomaticRestaurant|test:OpenerRemoteCtrl              ; test                      ; work         ;
+-----------------------------------------+---------------------+---------------------------+-------------+--------------+---------+-----------+-----------+------+--------------+---------------------------------------------------------+---------------------------+--------------+
Note: For table entries with two numbers listed, the numbers in parentheses indicate the number of resources of the given type used by the specific entity alone. The numbers listed outside of parentheses indicate the total resources of the given type used by the specific entity and all of its sub-entities in the hierarchy.


+------------------------------------------------------------------------------+
; Registers Removed During Synthesis                                           ;
+---------------------------------------+--------------------------------------+
; Register name                         ; Reason for Removal                   ;
+---------------------------------------+--------------------------------------+
; DFFMAX:DFF_SET|inst70                 ; Stuck at GND due to stuck port clock ;
; Total Number of Removed Registers = 1 ;                                      ;
+---------------------------------------+--------------------------------------+


+------------------------------------------------------+
; General Register Statistics                          ;
+----------------------------------------------+-------+
; Statistic                                    ; Value ;
+----------------------------------------------+-------+
; Total registers                              ; 111   ;
; Number of registers using Synchronous Clear  ; 0     ;
; Number of registers using Synchronous Load   ; 0     ;
; Number of registers using Asynchronous Clear ; 63    ;
; Number of registers using Asynchronous Load  ; 0     ;
; Number of registers using Clock Enable       ; 0     ;
; Number of registers using Preset             ; 0     ;
+----------------------------------------------+-------+


+-----------------------------------------------------+
; Post-Synthesis Netlist Statistics for Top Partition ;
+-----------------------+-----------------------------+
; Type                  ; Count                       ;
+-----------------------+-----------------------------+
; boundary_port         ; 71                          ;
; cycloneiii_ff         ; 111                         ;
;     CLR               ; 63                          ;
;     plain             ; 48                          ;
; cycloneiii_lcell_comb ; 154                         ;
;     normal            ; 154                         ;
;         0 data inputs ; 2                           ;
;         1 data inputs ; 12                          ;
;         2 data inputs ; 14                          ;
;         3 data inputs ; 44                          ;
;         4 data inputs ; 82                          ;
;                       ;                             ;
; Max LUT depth         ; 12.00                       ;
; Average LUT depth     ; 4.15                        ;
+-----------------------+-----------------------------+


+-------------------------------+
; Elapsed Time Per Partition    ;
+----------------+--------------+
; Partition Name ; Elapsed Time ;
+----------------+--------------+
; Top            ; 00:00:01     ;
+----------------+--------------+


+-------------------------------+
; Analysis & Synthesis Messages ;
+-------------------------------+
Info: *******************************************************************
Info: Running Quartus Prime Analysis & Synthesis
    Info: Version 18.1.0 Build 625 09/12/2018 SJ Lite Edition
    Info: Processing started: Thu Dec 13 21:00:21 2018
Info: Command: quartus_map --read_settings_files=on --write_settings_files=off AutomaticRestaurant -c AutomaticRestaurant
Warning (18236): Number of processors has not been specified which may cause overloading on shared machines.  Set the global assignment NUM_PARALLEL_PROCESSORS in your QSF to an appropriate value for best performance.
Info (20030): Parallel compilation is enabled and will use 4 of the 4 processors detected
Info (12021): Found 1 design units, including 1 entities, in source file automaticrestaurant.bdf
    Info (12023): Found entity 1: AutomaticRestaurant
Info (12127): Elaborating entity "AutomaticRestaurant" for the top level hierarchy
Warning (275011): Block or symbol "NOT" of instance "inst8" overlaps another block or symbol
Warning (275011): Block or symbol "NOT" of instance "inst9" overlaps another block or symbol
Warning (275011): Block or symbol "NOT" of instance "inst12" overlaps another block or symbol
Warning (12125): Using design file pseudo_rand_num_generator.bdf, which is not specified as a design file for the current project, but contains definitions for 1 design units and 1 entities in project
    Info (12023): Found entity 1: Pseudo_rand_num_generator
Info (12128): Elaborating entity "Pseudo_rand_num_generator" for hierarchy "Pseudo_rand_num_generator:inst123"
Warning (12125): Using design file id7_segement_decoder.bdf, which is not specified as a design file for the current project, but contains definitions for 1 design units and 1 entities in project
    Info (12023): Found entity 1: id7_segement_decoder
Info (12128): Elaborating entity "id7_segement_decoder" for hierarchy "id7_segement_decoder:id2SegDecoder"
Warning (12125): Using design file order_register.bdf, which is not specified as a design file for the current project, but contains definitions for 1 design units and 1 entities in project
    Info (12023): Found entity 1: order_register
Info (12128): Elaborating entity "order_register" for hierarchy "order_register:Order_Register"
Warning (12125): Using design file test.bdf, which is not specified as a design file for the current project, but contains definitions for 1 design units and 1 entities in project
    Info (12023): Found entity 1: test
Info (12128): Elaborating entity "test" for hierarchy "test:OpenerRemoteCtrl"
Warning (12125): Using design file table2segdecoder.bdf, which is not specified as a design file for the current project, but contains definitions for 1 design units and 1 entities in project
    Info (12023): Found entity 1: table2segDecoder
Info (12128): Elaborating entity "table2segDecoder" for hierarchy "table2segDecoder:table2SegDecoder"
Warning (12125): Using design file remain_table.bdf, which is not specified as a design file for the current project, but contains definitions for 1 design units and 1 entities in project
    Info (12023): Found entity 1: remain_table
Info (12128): Elaborating entity "remain_table" for hierarchy "remain_table:Remain_Table"
Warning (12125): Using design file adad.bdf, which is not specified as a design file for the current project, but contains definitions for 1 design units and 1 entities in project
    Info (12023): Found entity 1: adad
Info (12128): Elaborating entity "adad" for hierarchy "adad:Adder"
Warning (275011): Block or symbol "7483" of instance "inst5" overlaps another block or symbol
Warning (275011): Block or symbol "7483" of instance "inst7" overlaps another block or symbol
Warning (275011): Block or symbol "7483" of instance "inst8" overlaps another block or symbol
Warning (275011): Block or symbol "7483" of instance "inst10" overlaps another block or symbol
Warning (275009): Pin "D3" not connected
Warning (275009): Pin "E2" not connected
Info (12128): Elaborating entity "7483" for hierarchy "adad:Adder|7483:inst12"
Info (12130): Elaborated megafunction instantiation "adad:Adder|7483:inst12"
Warning (12125): Using design file dffmax.bdf, which is not specified as a design file for the current project, but contains definitions for 1 design units and 1 entities in project
    Info (12023): Found entity 1: DFFMAX
Info (12128): Elaborating entity "DFFMAX" for hierarchy "DFFMAX:DFF_SET"
Warning (275013): Port "CLK" of type DFF and instance "inst70" is missing source signal
Warning (275009): Pin "zz30" not connected
Info (13014): Ignored 7 buffer(s)
    Info (13019): Ignored 7 SOFT buffer(s)
Warning (13024): Output pins are stuck at VCC or GND
    Warning (13410): Pin "Display1g" is stuck at VCC
    Warning (13410): Pin "Display2b" is stuck at VCC
    Warning (13410): Pin "Display2c" is stuck at VCC
    Warning (13410): Pin "Display2g" is stuck at GND
Info (286030): Timing-Driven Synthesis is running
Info (16010): Generating hard_block partition "hard_block:auto_generated_inst"
    Info (16011): Adding 0 node(s), including 0 DDIO, 0 PLL, 0 transceiver and 0 LCELL
Info (21057): Implemented 314 device resources after synthesis - the final resource count might be different
    Info (21058): Implemented 20 input pins
    Info (21059): Implemented 51 output pins
    Info (21061): Implemented 243 logic cells
Info: Quartus Prime Analysis & Synthesis was successful. 0 errors, 25 warnings
    Info: Peak virtual memory: 4868 megabytes
    Info: Processing ended: Thu Dec 13 21:00:35 2018
    Info: Elapsed time: 00:00:14
    Info: Total CPU time (on all processors): 00:00:25


