Flow report for AutomaticRestaurant
Thu Dec 13 19:25:40 2018
Quartus Prime Version 18.1.0 Build 625 09/12/2018 SJ Lite Edition


---------------------
; Table of Contents ;
---------------------
  1. Legal Notice
  2. Flow Summary
  3. Flow Settings
  4. Flow Non-Default Global Settings
  5. Flow Elapsed Time
  6. Flow OS Summary
  7. Flow Log
  8. Flow Messages
  9. Flow Suppressed Messages



----------------
; Legal Notice ;
----------------
Copyright (C) 2018  Intel Corporation. All rights reserved.
Your use of Intel Corporation's design tools, logic functions 
and other software and tools, and its AMPP partner logic 
functions, and any output files from any of the foregoing 
(including device programming or simulation files), and any 
associated documentation or information are expressly subject 
to the terms and conditions of the Intel Program License 
Subscription Agreement, the Intel Quartus Prime License Agreement,
the Intel FPGA IP License Agreement, or other applicable license
agreement, including, without limitation, that your use is for
the sole purpose of programming logic devices manufactured by
Intel and sold by Intel or its authorized distributors.  Please
refer to the applicable agreement for further details.



+----------------------------------------------------------------------------------+
; Flow Summary                                                                     ;
+------------------------------------+---------------------------------------------+
; Flow Status                        ; Successful - Thu Dec 13 19:25:39 2018       ;
; Quartus Prime Version              ; 18.1.0 Build 625 09/12/2018 SJ Lite Edition ;
; Revision Name                      ; AutomaticRestaurant                         ;
; Top-level Entity Name              ; AutomaticRestaurant                         ;
; Family                             ; Cyclone IV GX                               ;
; Total logic elements               ; 228 / 21,280 ( 1 % )                        ;
;     Total combinational functions  ; 142 / 21,280 ( < 1 % )                      ;
;     Dedicated logic registers      ; 110 / 21,280 ( < 1 % )                      ;
; Total registers                    ; 110                                         ;
; Total pins                         ; 69 / 167 ( 41 % )                           ;
; Total virtual pins                 ; 0                                           ;
; Total memory bits                  ; 0 / 774,144 ( 0 % )                         ;
; Embedded Multiplier 9-bit elements ; 0 / 80 ( 0 % )                              ;
; Total GXB Receiver Channel PCS     ; 0 / 4 ( 0 % )                               ;
; Total GXB Receiver Channel PMA     ; 0 / 4 ( 0 % )                               ;
; Total GXB Transmitter Channel PCS  ; 0 / 4 ( 0 % )                               ;
; Total GXB Transmitter Channel PMA  ; 0 / 4 ( 0 % )                               ;
; Total PLLs                         ; 0 / 4 ( 0 % )                               ;
; Device                             ; EP4CGX22CF19C6                              ;
; Timing Models                      ; Final                                       ;
+------------------------------------+---------------------------------------------+


+-----------------------------------------+
; Flow Settings                           ;
+-------------------+---------------------+
; Option            ; Setting             ;
+-------------------+---------------------+
; Start date & time ; 12/13/2018 19:15:16 ;
; Main task         ; Compilation         ;
; Revision Name     ; AutomaticRestaurant ;
+-------------------+---------------------+


+-------------------------------------------------------------------------------------------------------------------------+
; Flow Non-Default Global Settings                                                                                        ;
+-------------------------------------+----------------------------------------+---------------+-------------+------------+
; Assignment Name                     ; Value                                  ; Default Value ; Entity Name ; Section Id ;
+-------------------------------------+----------------------------------------+---------------+-------------+------------+
; COMPILER_SIGNATURE_ID               ; 40637552546997.154469611504476         ; --            ; --          ; --         ;
; PARTITION_COLOR                     ; -- (Not supported for targeted family) ; --            ; --          ; Top        ;
; PARTITION_FITTER_PRESERVATION_LEVEL ; -- (Not supported for targeted family) ; --            ; --          ; Top        ;
; PARTITION_NETLIST_TYPE              ; -- (Not supported for targeted family) ; --            ; --          ; Top        ;
; PROJECT_OUTPUT_DIRECTORY            ; output_files                           ; --            ; --          ; --         ;
+-------------------------------------+----------------------------------------+---------------+-------------+------------+


+--------------------------------------------------------------------------------------------------------------------------+
; Flow Elapsed Time                                                                                                        ;
+----------------------+--------------+-------------------------+---------------------+------------------------------------+
; Module Name          ; Elapsed Time ; Average Processors Used ; Peak Virtual Memory ; Total CPU Time (on all processors) ;
+----------------------+--------------+-------------------------+---------------------+------------------------------------+
; Analysis & Synthesis ; 00:00:13     ; 1.0                     ; 693 MB              ; 00:00:25                           ;
; Fitter               ; 00:00:13     ; 1.0                     ; 1428 MB             ; 00:00:13                           ;
; Assembler            ; 00:00:02     ; 1.0                     ; 609 MB              ; 00:00:01                           ;
; Timing Analyzer      ; 00:00:04     ; 1.1                     ; 621 MB              ; 00:00:03                           ;
; EDA Netlist Writer   ; 00:00:02     ; 1.0                     ; 4716 MB             ; 00:00:01                           ;
; EDA Netlist Writer   ; 00:00:01     ; 1.0                     ; 4731 MB             ; 00:00:01                           ;
; EDA Netlist Writer   ; 00:00:01     ; 1.0                     ; 4716 MB             ; 00:00:01                           ;
; EDA Netlist Writer   ; 00:00:01     ; 1.0                     ; 4731 MB             ; 00:00:02                           ;
; Total                ; 00:00:37     ; --                      ; --                  ; 00:00:47                           ;
+----------------------+--------------+-------------------------+---------------------+------------------------------------+


+------------------------------------------------------------------------------------+
; Flow OS Summary                                                                    ;
+----------------------+------------------+------------+------------+----------------+
; Module Name          ; Machine Hostname ; OS Name    ; OS Version ; Processor type ;
+----------------------+------------------+------------+------------+----------------+
; Analysis & Synthesis ; CAUCSE-PC        ; Windows 7  ; 6.1        ; x86_64         ;
; Fitter               ; CAUCSE-PC        ; Windows 7  ; 6.1        ; x86_64         ;
; Assembler            ; CAUCSE-PC        ; Windows 7  ; 6.1        ; x86_64         ;
; Timing Analyzer      ; CAUCSE-PC        ; Windows 7  ; 6.1        ; x86_64         ;
; EDA Netlist Writer   ; JUHYEONG-PC      ; Windows 10 ; 10.0       ; x86_64         ;
; EDA Netlist Writer   ; JUHYEONG-PC      ; Windows 10 ; 10.0       ; x86_64         ;
; EDA Netlist Writer   ; JUHYEONG-PC      ; Windows 10 ; 10.0       ; x86_64         ;
; EDA Netlist Writer   ; JUHYEONG-PC      ; Windows 10 ; 10.0       ; x86_64         ;
+----------------------+------------------+------------+------------+----------------+


------------
; Flow Log ;
------------
quartus_map --read_settings_files=on --write_settings_files=off AutomaticRestaurant -c AutomaticRestaurant
quartus_fit --read_settings_files=off --write_settings_files=off AutomaticRestaurant -c AutomaticRestaurant
quartus_asm --read_settings_files=off --write_settings_files=off AutomaticRestaurant -c AutomaticRestaurant
quartus_sta AutomaticRestaurant -c AutomaticRestaurant
quartus_eda --gen_testbench --tool=modelsim_oem --format=verilog --write_settings_files=off AutomaticRestaurant -c AutomaticRestaurant --vector_source="C:/Users/duryk/Desktop/Sivla/AutoBar_DigitalDesign-master (2)/AutoBar_DigitalDesign-master/Merge/Waveform5.vwf" --testbench_file="C:/Users/duryk/Desktop/Sivla/AutoBar_DigitalDesign-master (2)/AutoBar_DigitalDesign-master/Merge/simulation/qsim/Waveform5.vwf.vt"
quartus_eda --write_settings_files=off --simulation=on --functional=off --flatten_buses=off --timescale=1ps --tool=modelsim_oem --format=verilog --output_directory="C:/Users/duryk/Desktop/Sivla/AutoBar_DigitalDesign-master (2)/AutoBar_DigitalDesign-master/Merge/simulation/qsim/" AutomaticRestaurant -c AutomaticRestaurant
quartus_eda --gen_testbench --tool=modelsim_oem --format=verilog --write_settings_files=off AutomaticRestaurant -c AutomaticRestaurant --vector_source="C:/Users/duryk/Desktop/Sivla/AutoBar_DigitalDesign-master (2)/AutoBar_DigitalDesign-master/Merge/Waveform5.vwf" --testbench_file="C:/Users/duryk/Desktop/Sivla/AutoBar_DigitalDesign-master (2)/AutoBar_DigitalDesign-master/Merge/simulation/qsim/Waveform5.vwf.vt"
quartus_eda --write_settings_files=off --simulation=on --functional=off --flatten_buses=off --timescale=1ps --tool=modelsim_oem --format=verilog --output_directory="C:/Users/duryk/Desktop/Sivla/AutoBar_DigitalDesign-master (2)/AutoBar_DigitalDesign-master/Merge/simulation/qsim/" AutomaticRestaurant -c AutomaticRestaurant



